2023.10.06 16:17:27 INFO  Started: Metals version 1.0.1 in folders '/home/masfiyan/100DaysOfCHISEL' for client Visual Studio Code 1.83.0.
Oct 06, 2023 4:17:27 PM org.flywaydb.core.internal.license.VersionPrinter printVersionOnly
INFO: Flyway Community Edition 9.21.2 by Redgate
Oct 06, 2023 4:17:27 PM org.flywaydb.core.internal.license.VersionPrinter printVersion
INFO: See release notes here: https://rd.gt/416ObMi
Oct 06, 2023 4:17:27 PM org.flywaydb.core.internal.license.VersionPrinter printVersion
INFO: 
Oct 06, 2023 4:17:28 PM org.flywaydb.core.FlywayExecutor execute
INFO: Database: jdbc:h2:file:/home/masfiyan/100DaysOfCHISEL/.metals/metals (H2 2.1)
Oct 06, 2023 4:17:28 PM org.flywaydb.core.internal.schemahistory.JdbcTableSchemaHistory allAppliedMigrations
INFO: Schema history table "PUBLIC"."flyway_schema_history" does not exist yet
Oct 06, 2023 4:17:28 PM org.flywaydb.core.internal.command.DbValidate validate
INFO: Successfully validated 4 migrations (execution time 00:00.048s)
Oct 06, 2023 4:17:28 PM org.flywaydb.core.internal.schemahistory.JdbcTableSchemaHistory create
INFO: Creating Schema History table "PUBLIC"."flyway_schema_history" ...
Oct 06, 2023 4:17:28 PM org.flywaydb.core.internal.command.DbMigrate migrateGroup
INFO: Current version of schema "PUBLIC": << Empty Schema >>
Oct 06, 2023 4:17:28 PM org.flywaydb.core.internal.command.DbMigrate doMigrateGroup
INFO: Migrating schema "PUBLIC" to version "1 - Create tables"
Oct 06, 2023 4:17:28 PM org.flywaydb.core.internal.command.DbMigrate doMigrateGroup
INFO: Migrating schema "PUBLIC" to version "2 - Server discovery"
Oct 06, 2023 4:17:28 PM org.flywaydb.core.internal.command.DbMigrate doMigrateGroup
INFO: Migrating schema "PUBLIC" to version "3 - Jar symbols"
Oct 06, 2023 4:17:28 PM org.flywaydb.core.internal.command.DbMigrate doMigrateGroup
INFO: Migrating schema "PUBLIC" to version "4 - Fingerprints"
Oct 06, 2023 4:17:28 PM org.flywaydb.core.internal.command.DbMigrate logSummary
INFO: Successfully applied 4 migrations to schema "PUBLIC", now at version v4 (execution time 00:00.032s)
2023.10.06 16:17:28 INFO  time: initialize in 1.09s
2023.10.06 16:17:31 WARN  Build server is not auto-connectable.
2023.10.06 16:17:39 WARN  no build target for: /home/masfiyan/100DaysOfCHISEL/src/main/scala/day1/Gates.scala
2023.10.06 16:17:44 INFO  no build target found for /home/masfiyan/100DaysOfCHISEL/src/main/scala/day1/Gates.scala. Using presentation compiler with project's scala-library version: 3.3.0
2023.10.06 16:17:46 INFO  time: code lens generation in 2.27s
2023.10.06 16:33:10 WARN  no build target for: /home/masfiyan/100DaysOfCHISEL/src/main/scala/day27/ImmExtension.scala
2023.10.06 16:33:11 WARN  Could not find semantic tokens for: file:///home/masfiyan/100DaysOfCHISEL/src/main/scala/day27/ImmExtension.scala
2023.10.06 16:33:13 WARN  Could not find semantic tokens for: file:///home/masfiyan/100DaysOfCHISEL/src/main/scala/day27/ImmExtension.scala
2023.10.06 16:33:13 WARN  Could not find semantic tokens for: file:///home/masfiyan/100DaysOfCHISEL/src/main/scala/day27/ImmExtension.scala
2023.10.06 16:33:14 WARN  no build target for: /home/masfiyan/100DaysOfCHISEL/src/main/scala/day27/ImmExtension.scala
2023.10.06 16:33:14 WARN  Could not find semantic tokens for: file:///home/masfiyan/100DaysOfCHISEL/src/main/scala/day27/ImmExtension.scala
2023.10.06 16:33:33 WARN  no build target for: /home/masfiyan/100DaysOfCHISEL/src/main/scala/day27/ImmExtension.scala
2023.10.06 16:33:34 WARN  no build target for: /home/masfiyan/100DaysOfCHISEL/src/main/scala/day27/ImmExtension.scala
Oct 06, 2023 4:33:35 PM org.eclipse.lsp4j.jsonrpc.RemoteEndpoint handleCancellation
WARNING: Unmatched cancel notification for request id 156
2023.10.06 16:33:39 WARN  no build target for: /home/masfiyan/100DaysOfCHISEL/src/main/scala/day27/ImmExtension.scala
2023.10.06 16:33:52 WARN  no build target for: /home/masfiyan/100DaysOfCHISEL/src/main/scala/day27/ImmExtension.scala
2023.10.06 16:33:57 WARN  no build target for: /home/masfiyan/100DaysOfCHISEL/src/main/scala/day27/ImmExtension.scala
2023.10.06 16:34:03 WARN  no build target for: /home/masfiyan/100DaysOfCHISEL/src/main/scala/day27/ImmExtension.scala
2023.10.06 16:36:27 WARN  no build target for: /home/masfiyan/100DaysOfCHISEL/src/main/scala/day27/ImmExtension.scala
2023.10.06 16:36:30 WARN  no build target for: /home/masfiyan/100DaysOfCHISEL/src/main/scala/day27/ImmExtension.scala
2023.10.06 16:36:31 WARN  no build target for: /home/masfiyan/100DaysOfCHISEL/src/main/scala/day27/ImmExtension.scala
2023.10.06 16:36:35 WARN  no build target for: /home/masfiyan/100DaysOfCHISEL/src/main/scala/day27/ImmExtension.scala
2023.10.06 16:37:16 WARN  no build target for: /home/masfiyan/100DaysOfCHISEL/src/main/scala/day27/ImmExtension.scala
2023.10.06 16:37:23 WARN  no build target for: /home/masfiyan/100DaysOfCHISEL/src/main/scala/day27/ImmExtension.scala
2023.10.06 16:38:01 WARN  no build target for: /home/masfiyan/100DaysOfCHISEL/src/main/scala/day27/ImmExtension.scala
2023.10.06 16:38:03 WARN  no build target for: /home/masfiyan/100DaysOfCHISEL/src/main/scala/day27/ImmExtension.scala
2023.10.06 16:38:04 WARN  no build target for: /home/masfiyan/100DaysOfCHISEL/src/main/scala/day27/ImmExtension.scala
2023.10.06 16:38:09 WARN  no build target for: /home/masfiyan/100DaysOfCHISEL/src/main/scala/day27/ImmExtension.scala
2023.10.06 16:38:16 WARN  no build target for: /home/masfiyan/100DaysOfCHISEL/src/main/scala/day27/ImmExtension.scala
2023.10.06 16:38:25 WARN  no build target for: /home/masfiyan/100DaysOfCHISEL/src/main/scala/day27/ImmExtension.scala
2023.10.06 16:38:27 WARN  no build target for: /home/masfiyan/100DaysOfCHISEL/src/main/scala/day27/ImmExtension.scala
2023.10.06 16:38:32 WARN  no build target for: /home/masfiyan/100DaysOfCHISEL/src/main/scala/day27/ImmExtension.scala
2023.10.06 16:38:33 WARN  no build target for: /home/masfiyan/100DaysOfCHISEL/src/main/scala/day27/ImmExtension.scala
2023.10.06 16:38:39 WARN  no build target for: /home/masfiyan/100DaysOfCHISEL/src/main/scala/day27/ImmExtension.scala
2023.10.06 16:38:42 WARN  no build target for: /home/masfiyan/100DaysOfCHISEL/src/main/scala/day27/ImmExtension.scala
2023.10.06 16:38:44 WARN  no build target for: /home/masfiyan/100DaysOfCHISEL/src/main/scala/day27/ImmExtension.scala
2023.10.06 16:38:53 WARN  no build target for: /home/masfiyan/100DaysOfCHISEL/src/main/scala/day27/ImmExtension.scala
2023.10.06 16:38:59 WARN  no build target for: /home/masfiyan/100DaysOfCHISEL/src/main/scala/day27/ImmExtension.scala
2023.10.06 16:39:05 WARN  no build target for: /home/masfiyan/100DaysOfCHISEL/src/main/scala/day27/ImmExtension.scala
2023.10.06 16:39:06 WARN  no build target for: /home/masfiyan/100DaysOfCHISEL/src/main/scala/day27/ImmExtension.scala
2023.10.06 16:39:11 WARN  no build target for: /home/masfiyan/100DaysOfCHISEL/src/main/scala/day27/ImmExtension.scala
2023.10.06 16:39:14 WARN  no build target for: /home/masfiyan/100DaysOfCHISEL/src/main/scala/day27/ImmExtension.scala
2023.10.06 16:39:16 WARN  no build target for: /home/masfiyan/100DaysOfCHISEL/src/main/scala/day27/ImmExtension.scala
2023.10.06 16:39:20 WARN  no build target for: /home/masfiyan/100DaysOfCHISEL/src/main/scala/day27/ImmExtension.scala
2023.10.06 16:39:25 WARN  no build target for: /home/masfiyan/100DaysOfCHISEL/src/main/scala/day27/ImmExtension.scala
2023.10.06 16:39:39 WARN  no build target for: /home/masfiyan/100DaysOfCHISEL/src/main/scala/day27/ImmExtension.scala
2023.10.06 16:39:41 WARN  no build target for: /home/masfiyan/100DaysOfCHISEL/src/main/scala/day27/ImmExtension.scala
2023.10.06 16:39:44 WARN  no build target for: /home/masfiyan/100DaysOfCHISEL/src/main/scala/day27/ImmExtension.scala
2023.10.06 16:39:58 WARN  no build target for: /home/masfiyan/100DaysOfCHISEL/src/main/scala/day27/ImmExtension.scala
2023.10.06 16:40:04 WARN  no build target for: /home/masfiyan/100DaysOfCHISEL/src/main/scala/day27/ImmExtension.scala
2023.10.06 16:40:11 WARN  no build target for: /home/masfiyan/100DaysOfCHISEL/src/main/scala/day27/ImmExtension.scala
2023.10.06 16:40:15 WARN  no build target for: /home/masfiyan/100DaysOfCHISEL/src/main/scala/day27/ImmExtension.scala
2023.10.06 16:40:44 WARN  no build target for: /home/masfiyan/100DaysOfCHISEL/src/main/scala/day27/ImmExtension.scala
2023.10.06 16:41:05 WARN  no build target for: /home/masfiyan/100DaysOfCHISEL/src/test/scala/day27/ImmExtensionTester.scala
2023.10.06 16:41:05 WARN  Could not find semantic tokens for: file:///home/masfiyan/100DaysOfCHISEL/src/test/scala/day27/ImmExtensionTester.scala
2023.10.06 16:41:07 WARN  Could not find semantic tokens for: file:///home/masfiyan/100DaysOfCHISEL/src/test/scala/day27/ImmExtensionTester.scala
2023.10.06 16:41:07 WARN  Could not find semantic tokens for: file:///home/masfiyan/100DaysOfCHISEL/src/test/scala/day27/ImmExtensionTester.scala
2023.10.06 16:41:15 WARN  no build target for: /home/masfiyan/100DaysOfCHISEL/src/test/scala/day27/ImmExtensionTester.scala
2023.10.06 16:41:57 WARN  no build target for: /home/masfiyan/100DaysOfCHISEL/src/test/scala/day27/ImmExtensionTester.scala
2023.10.06 16:41:58 WARN  no build target for: /home/masfiyan/100DaysOfCHISEL/src/test/scala/day27/ImmExtensionTester.scala
2023.10.06 16:42:03 WARN  no build target for: /home/masfiyan/100DaysOfCHISEL/src/test/scala/day27/ImmExtensionTester.scala
2023.10.06 16:42:14 WARN  no build target for: /home/masfiyan/100DaysOfCHISEL/src/test/scala/day27/ImmExtensionTester.scala
2023.10.06 16:42:29 WARN  no build target for: /home/masfiyan/100DaysOfCHISEL/src/test/scala/day27/ImmExtensionTester.scala
2023.10.06 16:42:37 WARN  no build target for: /home/masfiyan/100DaysOfCHISEL/src/test/scala/day27/ImmExtensionTester.scala
2023.10.06 16:42:40 WARN  no build target for: /home/masfiyan/100DaysOfCHISEL/src/test/scala/day27/ImmExtensionTester.scala
2023.10.06 16:42:43 WARN  no build target for: /home/masfiyan/100DaysOfCHISEL/src/test/scala/day27/ImmExtensionTester.scala
2023.10.06 16:42:47 WARN  no build target for: /home/masfiyan/100DaysOfCHISEL/src/test/scala/day27/ImmExtensionTester.scala
2023.10.06 16:42:51 WARN  no build target for: /home/masfiyan/100DaysOfCHISEL/src/test/scala/day27/ImmExtensionTester.scala
2023.10.06 16:42:58 WARN  no build target for: /home/masfiyan/100DaysOfCHISEL/src/test/scala/day27/ImmExtensionTester.scala
2023.10.06 16:42:59 WARN  no build target for: /home/masfiyan/100DaysOfCHISEL/src/test/scala/day27/ImmExtensionTester.scala
2023.10.06 16:43:01 WARN  no build target for: /home/masfiyan/100DaysOfCHISEL/src/test/scala/day27/ImmExtensionTester.scala
2023.10.06 16:45:32 WARN  no build target for: /home/masfiyan/100DaysOfCHISEL/src/test/scala/day27/ImmExtensionTester.scala
2023.10.06 16:45:35 WARN  no build target for: /home/masfiyan/100DaysOfCHISEL/src/test/scala/day27/ImmExtensionTester.scala
2023.10.06 16:45:37 WARN  no build target for: /home/masfiyan/100DaysOfCHISEL/src/test/scala/day27/ImmExtensionTester.scala
2023.10.06 16:45:49 WARN  no build target for: /home/masfiyan/100DaysOfCHISEL/src/test/scala/day27/ImmExtensionTester.scala
2023.10.06 16:45:53 WARN  no build target for: /home/masfiyan/100DaysOfCHISEL/src/test/scala/day27/ImmExtensionTester.scala
2023.10.06 16:45:54 WARN  no build target for: /home/masfiyan/100DaysOfCHISEL/src/test/scala/day27/ImmExtensionTester.scala
Oct 06, 2023 4:47:13 PM scala.meta.internal.pc.CompilerAccess handleError
SEVERE: A severe compiler error occurred, full details of the error can be found in the error report /home/masfiyan/100DaysOfCHISEL/.metals/.reports/metals-full/2023-10-06/r_compiler-error_16-47-13-727
2023.10.06 16:47:14 WARN  no build target for: /home/masfiyan/100DaysOfCHISEL/src/test/scala/day27/ImmExtensionTester.scala
2023.10.06 16:47:16 WARN  no build target for: /home/masfiyan/100DaysOfCHISEL/src/test/scala/day27/ImmExtensionTester.scala
2023.10.06 16:47:19 ERROR Failed to tokenize input for semantic tokens for /home/masfiyan/100DaysOfCHISEL/src/test/scala/day27/ImmExtensionTester.scala
scala.meta.tokenizers.TokenizeException: <input>:15: error: unclosed string literal
        dut.io.instr.poke("0x00900093
                          ^
	at scala.meta.internal.tokenizers.Reporter.syntaxError(Reporter.scala:23)
	at scala.meta.internal.tokenizers.Reporter.syntaxError$(Reporter.scala:23)
	at scala.meta.internal.tokenizers.Reporter$$anon$1.syntaxError(Reporter.scala:33)
	at scala.meta.internal.tokenizers.Reporter.syntaxError(Reporter.scala:25)
	at scala.meta.internal.tokenizers.Reporter.syntaxError$(Reporter.scala:25)
	at scala.meta.internal.tokenizers.Reporter$$anon$1.syntaxError(Reporter.scala:33)
	at scala.meta.internal.tokenizers.LegacyScanner.getStringLit(LegacyScanner.scala:591)
	at scala.meta.internal.tokenizers.LegacyScanner.fetchDoubleQuote$1(LegacyScanner.scala:407)
	at scala.meta.internal.tokenizers.LegacyScanner.fetchToken(LegacyScanner.scala:411)
	at scala.meta.internal.tokenizers.LegacyScanner.nextToken(LegacyScanner.scala:246)
	at scala.meta.internal.tokenizers.LegacyScanner.foreach(LegacyScanner.scala:1047)
	at scala.meta.internal.tokenizers.ScalametaTokenizer.uncachedTokenize(ScalametaTokenizer.scala:24)
	at scala.meta.internal.tokenizers.ScalametaTokenizer.$anonfun$tokenize$1(ScalametaTokenizer.scala:17)
	at scala.collection.concurrent.TrieMap.getOrElseUpdate(TrieMap.scala:962)
	at scala.meta.internal.tokenizers.ScalametaTokenizer.tokenize(ScalametaTokenizer.scala:17)
	at scala.meta.internal.tokenizers.ScalametaTokenizer$$anon$2.apply(ScalametaTokenizer.scala:332)
	at scala.meta.tokenizers.Api$XtensionTokenizeDialectInput.tokenize(Api.scala:25)
	at scala.meta.tokenizers.Api$XtensionTokenizeInputLike.tokenize(Api.scala:14)
	at scala.meta.internal.metals.SemanticTokensProvider$.getTokens(SemanticTokensProvider.scala:28)
	at scala.meta.internal.metals.SemanticTokensProvider$.provide(SemanticTokensProvider.scala:89)
	at scala.meta.internal.metals.Compilers.$anonfun$semanticTokens$3(Compilers.scala:511)
	at scala.concurrent.impl.Promise$Transformation.run(Promise.scala:467)
	at java.util.concurrent.ThreadPoolExecutor.runWorker(ThreadPoolExecutor.java:1128)
	at java.util.concurrent.ThreadPoolExecutor$Worker.run(ThreadPoolExecutor.java:628)
	at java.lang.Thread.run(Thread.java:829)

2023.10.06 16:47:20 WARN  no build target for: /home/masfiyan/100DaysOfCHISEL/src/test/scala/day27/ImmExtensionTester.scala
2023.10.06 16:47:20 ERROR Failed to tokenize input for semantic tokens for /home/masfiyan/100DaysOfCHISEL/src/test/scala/day27/ImmExtensionTester.scala
scala.meta.tokenizers.TokenizeException: <input>:15: error: unclosed string literal
        dut.io.instr.poke("0x00900093
                          ^
	at scala.meta.internal.tokenizers.Reporter.syntaxError(Reporter.scala:23)
	at scala.meta.internal.tokenizers.Reporter.syntaxError$(Reporter.scala:23)
	at scala.meta.internal.tokenizers.Reporter$$anon$1.syntaxError(Reporter.scala:33)
	at scala.meta.internal.tokenizers.Reporter.syntaxError(Reporter.scala:25)
	at scala.meta.internal.tokenizers.Reporter.syntaxError$(Reporter.scala:25)
	at scala.meta.internal.tokenizers.Reporter$$anon$1.syntaxError(Reporter.scala:33)
	at scala.meta.internal.tokenizers.LegacyScanner.getStringLit(LegacyScanner.scala:591)
	at scala.meta.internal.tokenizers.LegacyScanner.fetchDoubleQuote$1(LegacyScanner.scala:407)
	at scala.meta.internal.tokenizers.LegacyScanner.fetchToken(LegacyScanner.scala:411)
	at scala.meta.internal.tokenizers.LegacyScanner.nextToken(LegacyScanner.scala:246)
	at scala.meta.internal.tokenizers.LegacyScanner.foreach(LegacyScanner.scala:1047)
	at scala.meta.internal.tokenizers.ScalametaTokenizer.uncachedTokenize(ScalametaTokenizer.scala:24)
	at scala.meta.internal.tokenizers.ScalametaTokenizer.$anonfun$tokenize$1(ScalametaTokenizer.scala:17)
	at scala.collection.concurrent.TrieMap.getOrElseUpdate(TrieMap.scala:962)
	at scala.meta.internal.tokenizers.ScalametaTokenizer.tokenize(ScalametaTokenizer.scala:17)
	at scala.meta.internal.tokenizers.ScalametaTokenizer$$anon$2.apply(ScalametaTokenizer.scala:332)
	at scala.meta.tokenizers.Api$XtensionTokenizeDialectInput.tokenize(Api.scala:25)
	at scala.meta.tokenizers.Api$XtensionTokenizeInputLike.tokenize(Api.scala:14)
	at scala.meta.internal.metals.SemanticTokensProvider$.getTokens(SemanticTokensProvider.scala:28)
	at scala.meta.internal.metals.SemanticTokensProvider$.provide(SemanticTokensProvider.scala:89)
	at scala.meta.internal.metals.Compilers.$anonfun$semanticTokens$3(Compilers.scala:511)
	at scala.concurrent.impl.Promise$Transformation.run(Promise.scala:467)
	at java.util.concurrent.ThreadPoolExecutor.runWorker(ThreadPoolExecutor.java:1128)
	at java.util.concurrent.ThreadPoolExecutor$Worker.run(ThreadPoolExecutor.java:628)
	at java.lang.Thread.run(Thread.java:829)

2023.10.06 16:47:21 WARN  no build target for: /home/masfiyan/100DaysOfCHISEL/src/test/scala/day27/ImmExtensionTester.scala
2023.10.06 16:47:25 WARN  no build target for: /home/masfiyan/100DaysOfCHISEL/src/test/scala/day27/ImmExtensionTester.scala
2023.10.06 16:47:32 WARN  no build target for: /home/masfiyan/100DaysOfCHISEL/src/test/scala/day27/ImmExtensionTester.scala
2023.10.06 16:47:33 WARN  no build target for: /home/masfiyan/100DaysOfCHISEL/src/test/scala/day27/ImmExtensionTester.scala
Oct 06, 2023 4:47:36 PM scala.meta.internal.pc.CompilerAccess handleError
SEVERE: A severe compiler error occurred, full details of the error can be found in the error report /home/masfiyan/100DaysOfCHISEL/.metals/.reports/metals-full/2023-10-06/r_compiler-error_16-47-36-015
2023.10.06 16:47:36 WARN  no build target for: /home/masfiyan/100DaysOfCHISEL/src/test/scala/day27/ImmExtensionTester.scala
2023.10.06 16:47:39 WARN  no build target for: /home/masfiyan/100DaysOfCHISEL/src/test/scala/day27/ImmExtensionTester.scala
Oct 06, 2023 4:47:43 PM org.eclipse.lsp4j.jsonrpc.services.GenericEndpoint notify
INFO: Unsupported notification method: $/setTrace
2023.10.06 16:48:56 WARN  no build target for: /home/masfiyan/100DaysOfCHISEL/src/test/scala/day27/ImmExtensionTester.scala
2023.10.06 16:49:06 WARN  no build target for: /home/masfiyan/100DaysOfCHISEL/src/test/scala/day27/ImmExtensionTester.scala
2023.10.06 16:49:09 WARN  no build target for: /home/masfiyan/100DaysOfCHISEL/src/test/scala/day27/ImmExtensionTester.scala
2023.10.06 16:49:16 WARN  no build target for: /home/masfiyan/100DaysOfCHISEL/src/test/scala/day27/ImmExtensionTester.scala
2023.10.06 16:53:23 WARN  no build target for: /home/masfiyan/100DaysOfCHISEL/src/test/scala/day27/ImmExtensionTester.scala
2023.10.06 16:53:25 ERROR Failed to tokenize input for semantic tokens for /home/masfiyan/100DaysOfCHISEL/src/test/scala/day27/ImmExtensionTester.scala
scala.meta.tokenizers.TokenizeException: <input>:19: error: unclosed string literal
        dut.io.instr.poke("0x00900093.U)
                          ^
	at scala.meta.internal.tokenizers.Reporter.syntaxError(Reporter.scala:23)
	at scala.meta.internal.tokenizers.Reporter.syntaxError$(Reporter.scala:23)
	at scala.meta.internal.tokenizers.Reporter$$anon$1.syntaxError(Reporter.scala:33)
	at scala.meta.internal.tokenizers.Reporter.syntaxError(Reporter.scala:25)
	at scala.meta.internal.tokenizers.Reporter.syntaxError$(Reporter.scala:25)
	at scala.meta.internal.tokenizers.Reporter$$anon$1.syntaxError(Reporter.scala:33)
	at scala.meta.internal.tokenizers.LegacyScanner.getStringLit(LegacyScanner.scala:591)
	at scala.meta.internal.tokenizers.LegacyScanner.fetchDoubleQuote$1(LegacyScanner.scala:407)
	at scala.meta.internal.tokenizers.LegacyScanner.fetchToken(LegacyScanner.scala:411)
	at scala.meta.internal.tokenizers.LegacyScanner.nextToken(LegacyScanner.scala:246)
	at scala.meta.internal.tokenizers.LegacyScanner.foreach(LegacyScanner.scala:1047)
	at scala.meta.internal.tokenizers.ScalametaTokenizer.uncachedTokenize(ScalametaTokenizer.scala:24)
	at scala.meta.internal.tokenizers.ScalametaTokenizer.$anonfun$tokenize$1(ScalametaTokenizer.scala:17)
	at scala.collection.concurrent.TrieMap.getOrElseUpdate(TrieMap.scala:962)
	at scala.meta.internal.tokenizers.ScalametaTokenizer.tokenize(ScalametaTokenizer.scala:17)
	at scala.meta.internal.tokenizers.ScalametaTokenizer$$anon$2.apply(ScalametaTokenizer.scala:332)
	at scala.meta.tokenizers.Api$XtensionTokenizeDialectInput.tokenize(Api.scala:25)
	at scala.meta.tokenizers.Api$XtensionTokenizeInputLike.tokenize(Api.scala:14)
	at scala.meta.internal.metals.SemanticTokensProvider$.getTokens(SemanticTokensProvider.scala:28)
	at scala.meta.internal.metals.SemanticTokensProvider$.provide(SemanticTokensProvider.scala:89)
	at scala.meta.internal.metals.Compilers.$anonfun$semanticTokens$3(Compilers.scala:511)
	at scala.concurrent.impl.Promise$Transformation.run(Promise.scala:467)
	at java.util.concurrent.ThreadPoolExecutor.runWorker(ThreadPoolExecutor.java:1128)
	at java.util.concurrent.ThreadPoolExecutor$Worker.run(ThreadPoolExecutor.java:628)
	at java.lang.Thread.run(Thread.java:829)

2023.10.06 16:53:26 ERROR Failed to tokenize input for semantic tokens for /home/masfiyan/100DaysOfCHISEL/src/test/scala/day27/ImmExtensionTester.scala
scala.meta.tokenizers.TokenizeException: <input>:19: error: unclosed string literal
        dut.io.instr.poke("0x00900.U)
                          ^
	at scala.meta.internal.tokenizers.Reporter.syntaxError(Reporter.scala:23)
	at scala.meta.internal.tokenizers.Reporter.syntaxError$(Reporter.scala:23)
	at scala.meta.internal.tokenizers.Reporter$$anon$1.syntaxError(Reporter.scala:33)
	at scala.meta.internal.tokenizers.Reporter.syntaxError(Reporter.scala:25)
	at scala.meta.internal.tokenizers.Reporter.syntaxError$(Reporter.scala:25)
	at scala.meta.internal.tokenizers.Reporter$$anon$1.syntaxError(Reporter.scala:33)
	at scala.meta.internal.tokenizers.LegacyScanner.getStringLit(LegacyScanner.scala:591)
	at scala.meta.internal.tokenizers.LegacyScanner.fetchDoubleQuote$1(LegacyScanner.scala:407)
	at scala.meta.internal.tokenizers.LegacyScanner.fetchToken(LegacyScanner.scala:411)
	at scala.meta.internal.tokenizers.LegacyScanner.nextToken(LegacyScanner.scala:246)
	at scala.meta.internal.tokenizers.LegacyScanner.foreach(LegacyScanner.scala:1047)
	at scala.meta.internal.tokenizers.ScalametaTokenizer.uncachedTokenize(ScalametaTokenizer.scala:24)
	at scala.meta.internal.tokenizers.ScalametaTokenizer.$anonfun$tokenize$1(ScalametaTokenizer.scala:17)
	at scala.collection.concurrent.TrieMap.getOrElseUpdate(TrieMap.scala:962)
	at scala.meta.internal.tokenizers.ScalametaTokenizer.tokenize(ScalametaTokenizer.scala:17)
	at scala.meta.internal.tokenizers.ScalametaTokenizer$$anon$2.apply(ScalametaTokenizer.scala:332)
	at scala.meta.tokenizers.Api$XtensionTokenizeDialectInput.tokenize(Api.scala:25)
	at scala.meta.tokenizers.Api$XtensionTokenizeInputLike.tokenize(Api.scala:14)
	at scala.meta.internal.metals.SemanticTokensProvider$.getTokens(SemanticTokensProvider.scala:28)
	at scala.meta.internal.metals.SemanticTokensProvider$.provide(SemanticTokensProvider.scala:89)
	at scala.meta.internal.metals.Compilers.$anonfun$semanticTokens$3(Compilers.scala:511)
	at scala.concurrent.impl.Promise$Transformation.run(Promise.scala:467)
	at java.util.concurrent.ThreadPoolExecutor.runWorker(ThreadPoolExecutor.java:1128)
	at java.util.concurrent.ThreadPoolExecutor$Worker.run(ThreadPoolExecutor.java:628)
	at java.lang.Thread.run(Thread.java:829)

2023.10.06 16:53:26 ERROR Failed to tokenize input for semantic tokens for /home/masfiyan/100DaysOfCHISEL/src/test/scala/day27/ImmExtensionTester.scala
scala.meta.tokenizers.TokenizeException: <input>:19: error: unclosed string literal
        dut.io.instr.poke("0x009.U)
                          ^
	at scala.meta.internal.tokenizers.Reporter.syntaxError(Reporter.scala:23)
	at scala.meta.internal.tokenizers.Reporter.syntaxError$(Reporter.scala:23)
	at scala.meta.internal.tokenizers.Reporter$$anon$1.syntaxError(Reporter.scala:33)
	at scala.meta.internal.tokenizers.Reporter.syntaxError(Reporter.scala:25)
	at scala.meta.internal.tokenizers.Reporter.syntaxError$(Reporter.scala:25)
	at scala.meta.internal.tokenizers.Reporter$$anon$1.syntaxError(Reporter.scala:33)
	at scala.meta.internal.tokenizers.LegacyScanner.getStringLit(LegacyScanner.scala:591)
	at scala.meta.internal.tokenizers.LegacyScanner.fetchDoubleQuote$1(LegacyScanner.scala:407)
	at scala.meta.internal.tokenizers.LegacyScanner.fetchToken(LegacyScanner.scala:411)
	at scala.meta.internal.tokenizers.LegacyScanner.nextToken(LegacyScanner.scala:246)
	at scala.meta.internal.tokenizers.LegacyScanner.foreach(LegacyScanner.scala:1047)
	at scala.meta.internal.tokenizers.ScalametaTokenizer.uncachedTokenize(ScalametaTokenizer.scala:24)
	at scala.meta.internal.tokenizers.ScalametaTokenizer.$anonfun$tokenize$1(ScalametaTokenizer.scala:17)
	at scala.collection.concurrent.TrieMap.getOrElseUpdate(TrieMap.scala:962)
	at scala.meta.internal.tokenizers.ScalametaTokenizer.tokenize(ScalametaTokenizer.scala:17)
	at scala.meta.internal.tokenizers.ScalametaTokenizer$$anon$2.apply(ScalametaTokenizer.scala:332)
	at scala.meta.tokenizers.Api$XtensionTokenizeDialectInput.tokenize(Api.scala:25)
	at scala.meta.tokenizers.Api$XtensionTokenizeInputLike.tokenize(Api.scala:14)
	at scala.meta.internal.metals.SemanticTokensProvider$.getTokens(SemanticTokensProvider.scala:28)
	at scala.meta.internal.metals.SemanticTokensProvider$.provide(SemanticTokensProvider.scala:89)
	at scala.meta.internal.metals.Compilers.$anonfun$semanticTokens$3(Compilers.scala:511)
	at scala.concurrent.impl.Promise$Transformation.run(Promise.scala:467)
	at java.util.concurrent.ThreadPoolExecutor.runWorker(ThreadPoolExecutor.java:1128)
	at java.util.concurrent.ThreadPoolExecutor$Worker.run(ThreadPoolExecutor.java:628)
	at java.lang.Thread.run(Thread.java:829)

2023.10.06 16:53:27 WARN  no build target for: /home/masfiyan/100DaysOfCHISEL/src/test/scala/day27/ImmExtensionTester.scala
2023.10.06 16:53:27 ERROR Failed to tokenize input for semantic tokens for /home/masfiyan/100DaysOfCHISEL/src/test/scala/day27/ImmExtensionTester.scala
scala.meta.tokenizers.TokenizeException: <input>:19: error: unclosed string literal
        dut.io.instr.poke("0x009.U)
                          ^
	at scala.meta.internal.tokenizers.Reporter.syntaxError(Reporter.scala:23)
	at scala.meta.internal.tokenizers.Reporter.syntaxError$(Reporter.scala:23)
	at scala.meta.internal.tokenizers.Reporter$$anon$1.syntaxError(Reporter.scala:33)
	at scala.meta.internal.tokenizers.Reporter.syntaxError(Reporter.scala:25)
	at scala.meta.internal.tokenizers.Reporter.syntaxError$(Reporter.scala:25)
	at scala.meta.internal.tokenizers.Reporter$$anon$1.syntaxError(Reporter.scala:33)
	at scala.meta.internal.tokenizers.LegacyScanner.getStringLit(LegacyScanner.scala:591)
	at scala.meta.internal.tokenizers.LegacyScanner.fetchDoubleQuote$1(LegacyScanner.scala:407)
	at scala.meta.internal.tokenizers.LegacyScanner.fetchToken(LegacyScanner.scala:411)
	at scala.meta.internal.tokenizers.LegacyScanner.nextToken(LegacyScanner.scala:246)
	at scala.meta.internal.tokenizers.LegacyScanner.foreach(LegacyScanner.scala:1047)
	at scala.meta.internal.tokenizers.ScalametaTokenizer.uncachedTokenize(ScalametaTokenizer.scala:24)
	at scala.meta.internal.tokenizers.ScalametaTokenizer.$anonfun$tokenize$1(ScalametaTokenizer.scala:17)
	at scala.collection.concurrent.TrieMap.getOrElseUpdate(TrieMap.scala:962)
	at scala.meta.internal.tokenizers.ScalametaTokenizer.tokenize(ScalametaTokenizer.scala:17)
	at scala.meta.internal.tokenizers.ScalametaTokenizer$$anon$2.apply(ScalametaTokenizer.scala:332)
	at scala.meta.tokenizers.Api$XtensionTokenizeDialectInput.tokenize(Api.scala:25)
	at scala.meta.tokenizers.Api$XtensionTokenizeInputLike.tokenize(Api.scala:14)
	at scala.meta.internal.metals.SemanticTokensProvider$.getTokens(SemanticTokensProvider.scala:28)
	at scala.meta.internal.metals.SemanticTokensProvider$.provide(SemanticTokensProvider.scala:89)
	at scala.meta.internal.metals.Compilers.$anonfun$semanticTokens$3(Compilers.scala:511)
	at scala.concurrent.impl.Promise$Transformation.run(Promise.scala:467)
	at java.util.concurrent.ThreadPoolExecutor.runWorker(ThreadPoolExecutor.java:1128)
	at java.util.concurrent.ThreadPoolExecutor$Worker.run(ThreadPoolExecutor.java:628)
	at java.lang.Thread.run(Thread.java:829)

2023.10.06 16:53:31 WARN  no build target for: /home/masfiyan/100DaysOfCHISEL/src/test/scala/day27/ImmExtensionTester.scala
2023.10.06 16:53:42 WARN  no build target for: /home/masfiyan/100DaysOfCHISEL/src/test/scala/day27/ImmExtensionTester.scala
2023.10.06 16:53:45 WARN  no build target for: /home/masfiyan/100DaysOfCHISEL/src/test/scala/day27/ImmExtensionTester.scala
2023.10.06 16:53:57 WARN  no build target for: /home/masfiyan/100DaysOfCHISEL/src/test/scala/day27/ImmExtensionTester.scala
2023.10.06 16:54:06 WARN  no build target for: /home/masfiyan/100DaysOfCHISEL/src/test/scala/day27/ImmExtensionTester.scala
2023.10.06 16:54:08 WARN  no build target for: /home/masfiyan/100DaysOfCHISEL/src/test/scala/day27/ImmExtensionTester.scala
2023.10.06 16:54:15 WARN  no build target for: /home/masfiyan/100DaysOfCHISEL/src/test/scala/day27/ImmExtensionTester.scala
2023.10.06 16:54:18 WARN  no build target for: /home/masfiyan/100DaysOfCHISEL/src/test/scala/day27/ImmExtensionTester.scala
2023.10.06 16:54:20 WARN  no build target for: /home/masfiyan/100DaysOfCHISEL/src/test/scala/day27/ImmExtensionTester.scala
2023.10.06 16:54:23 WARN  no build target for: /home/masfiyan/100DaysOfCHISEL/src/test/scala/day27/ImmExtensionTester.scala
2023.10.06 16:56:26 WARN  no build target for: /home/masfiyan/100DaysOfCHISEL/src/main/scala/day27/ImmExtension.scala
2023.10.06 16:56:27 WARN  no build target for: /home/masfiyan/100DaysOfCHISEL/src/main/scala/day27/ImmExtension.scala
2023.10.06 16:56:29 WARN  no build target for: /home/masfiyan/100DaysOfCHISEL/src/main/scala/day27/ImmExtension.scala
2023.10.06 16:56:30 WARN  no build target for: /home/masfiyan/100DaysOfCHISEL/src/main/scala/day27/ImmExtension.scala
2023.10.06 16:56:36 WARN  no build target for: /home/masfiyan/100DaysOfCHISEL/src/main/scala/day27/ImmExtension.scala
2023.10.06 16:56:50 WARN  no build target for: /home/masfiyan/100DaysOfCHISEL/src/main/scala/day27/ImmExtension.scala
2023.10.06 16:56:51 WARN  no build target for: /home/masfiyan/100DaysOfCHISEL/src/main/scala/day27/ImmExtension.scala
2023.10.06 16:58:33 WARN  no build target for: /home/masfiyan/100DaysOfCHISEL/src/main/scala/day27/ImmExtension.scala
2023.10.06 16:58:41 WARN  no build target for: /home/masfiyan/100DaysOfCHISEL/src/main/scala/day27/ImmExtension.scala
2023.10.06 17:00:37 WARN  no build target for: /home/masfiyan/100DaysOfCHISEL/src/main/scala/day27/ImmExtension.scala
2023.10.06 17:00:45 WARN  no build target for: /home/masfiyan/100DaysOfCHISEL/src/main/scala/day27/ImmExtension.scala
2023.10.06 17:01:05 WARN  no build target for: /home/masfiyan/100DaysOfCHISEL/src/main/scala/day27/ImmExtension.scala
2023.10.06 17:01:09 WARN  no build target for: /home/masfiyan/100DaysOfCHISEL/src/main/scala/day27/ImmExtension.scala
2023.10.06 17:01:12 WARN  no build target for: /home/masfiyan/100DaysOfCHISEL/src/main/scala/day27/ImmExtension.scala
2023.10.06 17:01:19 WARN  no build target for: /home/masfiyan/100DaysOfCHISEL/src/main/scala/day27/ImmExtension.scala
2023.10.06 17:01:27 WARN  no build target for: /home/masfiyan/100DaysOfCHISEL/src/main/scala/day27/ImmExtension.scala
2023.10.06 17:01:31 WARN  no build target for: /home/masfiyan/100DaysOfCHISEL/src/main/scala/day27/ImmExtension.scala
2023.10.06 17:01:35 WARN  no build target for: /home/masfiyan/100DaysOfCHISEL/src/main/scala/day27/ImmExtension.scala
2023.10.06 17:01:39 WARN  no build target for: /home/masfiyan/100DaysOfCHISEL/src/main/scala/day27/ImmExtension.scala
2023.10.06 17:01:46 WARN  no build target for: /home/masfiyan/100DaysOfCHISEL/src/main/scala/day27/ImmExtension.scala
2023.10.06 17:01:49 WARN  no build target for: /home/masfiyan/100DaysOfCHISEL/src/main/scala/day27/ImmExtension.scala
2023.10.06 17:01:54 WARN  no build target for: /home/masfiyan/100DaysOfCHISEL/src/main/scala/day27/ImmExtension.scala
2023.10.06 17:02:03 WARN  no build target for: /home/masfiyan/100DaysOfCHISEL/src/main/scala/day27/ImmExtension.scala
2023.10.06 17:02:08 WARN  no build target for: /home/masfiyan/100DaysOfCHISEL/src/main/scala/day27/ImmExtension.scala
2023.10.06 17:02:17 WARN  no build target for: /home/masfiyan/100DaysOfCHISEL/src/main/scala/day27/ImmExtension.scala
2023.10.06 17:02:24 WARN  no build target for: /home/masfiyan/100DaysOfCHISEL/src/main/scala/day27/ImmExtension.scala
2023.10.06 17:02:32 WARN  no build target for: /home/masfiyan/100DaysOfCHISEL/src/main/scala/day27/ImmExtension.scala
2023.10.06 17:02:36 WARN  no build target for: /home/masfiyan/100DaysOfCHISEL/src/main/scala/day27/ImmExtension.scala
2023.10.06 17:03:14 WARN  no build target for: /home/masfiyan/100DaysOfCHISEL/src/main/scala/day27/ImmExtension.scala
2023.10.06 17:03:18 WARN  no build target for: /home/masfiyan/100DaysOfCHISEL/src/main/scala/day27/ImmExtension.scala
2023.10.06 17:03:19 WARN  no build target for: /home/masfiyan/100DaysOfCHISEL/src/main/scala/day27/ImmExtension.scala
2023.10.06 17:03:25 WARN  no build target for: /home/masfiyan/100DaysOfCHISEL/src/main/scala/day27/ImmExtension.scala
2023.10.06 17:03:29 WARN  no build target for: /home/masfiyan/100DaysOfCHISEL/src/main/scala/day27/ImmExtension.scala
2023.10.06 17:03:33 WARN  no build target for: /home/masfiyan/100DaysOfCHISEL/src/main/scala/day27/ImmExtension.scala
2023.10.06 17:03:38 WARN  no build target for: /home/masfiyan/100DaysOfCHISEL/src/main/scala/day27/ImmExtension.scala
2023.10.06 17:03:41 WARN  no build target for: /home/masfiyan/100DaysOfCHISEL/src/main/scala/day27/ImmExtension.scala
2023.10.06 17:03:42 WARN  no build target for: /home/masfiyan/100DaysOfCHISEL/src/main/scala/day27/ImmExtension.scala
2023.10.06 17:03:49 WARN  no build target for: /home/masfiyan/100DaysOfCHISEL/src/main/scala/day27/ImmExtension.scala
2023.10.06 17:04:13 WARN  no build target for: /home/masfiyan/100DaysOfCHISEL/src/main/scala/day27/ImmExtension.scala
2023.10.06 17:04:18 WARN  no build target for: /home/masfiyan/100DaysOfCHISEL/src/main/scala/day27/ImmExtension.scala
2023.10.06 17:04:20 WARN  no build target for: /home/masfiyan/100DaysOfCHISEL/src/main/scala/day27/ImmExtension.scala
2023.10.06 17:04:21 WARN  no build target for: /home/masfiyan/100DaysOfCHISEL/src/main/scala/day27/ImmExtension.scala
2023.10.06 17:04:26 WARN  no build target for: /home/masfiyan/100DaysOfCHISEL/src/main/scala/day27/ImmExtension.scala
2023.10.06 17:04:28 WARN  no build target for: /home/masfiyan/100DaysOfCHISEL/src/main/scala/day27/ImmExtension.scala
2023.10.06 17:04:32 WARN  no build target for: /home/masfiyan/100DaysOfCHISEL/src/main/scala/day27/ImmExtension.scala
2023.10.06 17:04:34 WARN  no build target for: /home/masfiyan/100DaysOfCHISEL/src/main/scala/day27/ImmExtension.scala
2023.10.06 17:04:41 WARN  no build target for: /home/masfiyan/100DaysOfCHISEL/src/main/scala/day27/ImmExtension.scala
2023.10.06 17:04:46 WARN  no build target for: /home/masfiyan/100DaysOfCHISEL/src/main/scala/day27/ImmExtension.scala
2023.10.06 17:04:57 WARN  no build target for: /home/masfiyan/100DaysOfCHISEL/src/main/scala/day27/ImmExtension.scala
2023.10.06 17:05:40 WARN  Using indexes to guess the definition of instr
2023.10.06 17:09:48 WARN  no build target for: /home/masfiyan/100DaysOfCHISEL/src/main/scala/day27/ImmExtension.scala
2023.10.06 17:09:54 WARN  no build target for: /home/masfiyan/100DaysOfCHISEL/src/main/scala/day27/ImmExtension.scala
2023.10.06 17:09:58 WARN  no build target for: /home/masfiyan/100DaysOfCHISEL/src/main/scala/day27/ImmExtension.scala
2023.10.06 17:13:17 WARN  no build target for: /home/masfiyan/100DaysOfCHISEL/src/test/scala/day27/ImmExtensionTester.scala
2023.10.06 17:13:19 WARN  no build target for: /home/masfiyan/100DaysOfCHISEL/src/test/scala/day27/ImmExtensionTester.scala
2023.10.06 17:13:22 WARN  no build target for: /home/masfiyan/100DaysOfCHISEL/src/test/scala/day27/ImmExtensionTester.scala
2023.10.06 17:13:24 WARN  no build target for: /home/masfiyan/100DaysOfCHISEL/src/test/scala/day27/ImmExtensionTester.scala
2023.10.06 17:13:26 WARN  no build target for: /home/masfiyan/100DaysOfCHISEL/src/test/scala/day27/ImmExtensionTester.scala
Oct 06, 2023 5:13:27 PM scala.meta.internal.pc.CompilerAccess handleError
SEVERE: A severe compiler error occurred, full details of the error can be found in the error report /home/masfiyan/100DaysOfCHISEL/.metals/.reports/metals-full/2023-10-06/r_compiler-error_17-13-27-097
2023.10.06 17:13:27 WARN  no build target for: /home/masfiyan/100DaysOfCHISEL/src/test/scala/day27/ImmExtensionTester.scala
2023.10.06 17:13:29 WARN  no build target for: /home/masfiyan/100DaysOfCHISEL/src/test/scala/day27/ImmExtensionTester.scala
2023.10.06 17:13:31 WARN  no build target for: /home/masfiyan/100DaysOfCHISEL/src/test/scala/day27/ImmExtensionTester.scala
Oct 06, 2023 5:13:39 PM org.eclipse.lsp4j.jsonrpc.services.GenericEndpoint notify
INFO: Unsupported notification method: $/setTrace
